Release 14.7 - xst P.20131013 (nt64)
Copyright (c) 1995-2013 Xilinx, Inc.  All rights reserved.
--> Parameter TMPDIR set to xst/projnav.tmp


Total REAL time to Xst completion: 0.00 secs
Total CPU time to Xst completion: 0.20 secs
 
--> Parameter xsthdpdir set to xst


Total REAL time to Xst completion: 0.00 secs
Total CPU time to Xst completion: 0.20 secs
 
--> Reading design: pcie_dma_core_ep.prj

TABLE OF CONTENTS
  1) Synthesis Options Summary
  2) HDL Parsing
  3) HDL Elaboration
  4) HDL Synthesis
       4.1) HDL Synthesis Report
  5) Advanced HDL Synthesis
       5.1) Advanced HDL Synthesis Report
  6) Low Level Synthesis
  7) Partition Report
  8) Design Summary
       8.1) Primitive and Black Box Usage
       8.2) Device utilization summary
       8.3) Partition Resource Summary
       8.4) Timing Report
            8.4.1) Clock Information
            8.4.2) Asynchronous Control Signals Information
            8.4.3) Timing Summary
            8.4.4) Timing Details
            8.4.5) Cross Clock Domains Report


=========================================================================
*                      Synthesis Options Summary                        *
=========================================================================
---- Source Parameters
Input File Name                    : "pcie_dma_core_ep.prj"
Ignore Synthesis Constraint File   : NO

---- Target Parameters
Output File Name                   : "pcie_dma_core_ep"
Output Format                      : NGC
Target Device                      : xc7k325t-2-ffg900

---- Source Options
Top Module Name                    : pcie_dma_core_ep
Automatic FSM Extraction           : YES
FSM Encoding Algorithm             : Auto
Safe Implementation                : No
FSM Style                          : LUT
RAM Extraction                     : Yes
RAM Style                          : Auto
ROM Extraction                     : Yes
Shift Register Extraction          : NO
ROM Style                          : Auto
Resource Sharing                   : NO
Asynchronous To Synchronous        : NO
Shift Register Minimum Size        : 2
Use DSP Block                      : Auto
Automatic Register Balancing       : No

---- Target Options
LUT Combining                      : Off
Reduce Control Sets                : Auto
Add IO Buffers                     : YES
Global Maximum Fanout              : 100
Add Generic Clock Buffer(BUFG)     : 0
Register Duplication               : YES
Optimize Instantiated Primitives   : NO
Use Clock Enable                   : Auto
Use Synchronous Set                : Auto
Use Synchronous Reset              : Auto
Pack IO Registers into IOBs        : True
Equivalent register Removal        : NO

---- General Options
Optimization Goal                  : Speed
Optimization Effort                : 2
Power Reduction                    : NO
Keep Hierarchy                     : Yes
Netlist Hierarchy                  : As_Optimized
RTL Output                         : Yes
Global Optimization                : AllClockNets
Read Cores                         : YES
Write Timing Constraints           : NO
Cross Clock Analysis               : NO
Hierarchy Separator                : /
Bus Delimiter                      : <>
Case Specifier                     : Maintain
Slice Utilization Ratio            : 100
BRAM Utilization Ratio             : 100
DSP48 Utilization Ratio            : 100
Auto BRAM Packing                  : NO
Slice Utilization Ratio Delta      : 5

=========================================================================


=========================================================================
*                          HDL Parsing                                  *
=========================================================================
Analyzing Verilog file "F:\pcie_pro\dvb_ott_pcie_hardwarepcb_newpcie\HKADS-13-05B-IP-0208_taixin\hdl\source\pcie_7x_v1_10_rxeq_scan.v" into library work
Parsing module <pcie_7x_v1_10_rxeq_scan>.
Analyzing Verilog file "F:\pcie_pro\dvb_ott_pcie_hardwarepcb_newpcie\HKADS-13-05B-IP-0208_taixin\hdl\source\pcie_7x_v1_10_qpll_wrapper.v" into library work
Parsing module <pcie_7x_v1_10_qpll_wrapper>.
Analyzing Verilog file "F:\pcie_pro\dvb_ott_pcie_hardwarepcb_newpcie\HKADS-13-05B-IP-0208_taixin\hdl\source\pcie_7x_v1_10_qpll_reset.v" into library work
Parsing module <pcie_7x_v1_10_qpll_reset>.
Analyzing Verilog file "F:\pcie_pro\dvb_ott_pcie_hardwarepcb_newpcie\HKADS-13-05B-IP-0208_taixin\hdl\source\pcie_7x_v1_10_qpll_drp.v" into library work
Parsing module <pcie_7x_v1_10_qpll_drp>.
Analyzing Verilog file "F:\pcie_pro\dvb_ott_pcie_hardwarepcb_newpcie\HKADS-13-05B-IP-0208_taixin\hdl\source\pcie_7x_v1_10_pipe_user.v" into library work
Parsing module <pcie_7x_v1_10_pipe_user>.
Analyzing Verilog file "F:\pcie_pro\dvb_ott_pcie_hardwarepcb_newpcie\HKADS-13-05B-IP-0208_taixin\hdl\source\pcie_7x_v1_10_pipe_sync.v" into library work
Parsing module <pcie_7x_v1_10_pipe_sync>.
Analyzing Verilog file "F:\pcie_pro\dvb_ott_pcie_hardwarepcb_newpcie\HKADS-13-05B-IP-0208_taixin\hdl\source\pcie_7x_v1_10_pipe_reset.v" into library work
Parsing module <pcie_7x_v1_10_pipe_reset>.
Analyzing Verilog file "F:\pcie_pro\dvb_ott_pcie_hardwarepcb_newpcie\HKADS-13-05B-IP-0208_taixin\hdl\source\pcie_7x_v1_10_pipe_rate.v" into library work
Parsing module <pcie_7x_v1_10_pipe_rate>.
Analyzing Verilog file "F:\pcie_pro\dvb_ott_pcie_hardwarepcb_newpcie\HKADS-13-05B-IP-0208_taixin\hdl\source\pcie_7x_v1_10_pipe_eq.v" into library work
Parsing module <pcie_7x_v1_10_pipe_eq>.
Analyzing Verilog file "F:\pcie_pro\dvb_ott_pcie_hardwarepcb_newpcie\HKADS-13-05B-IP-0208_taixin\hdl\source\pcie_7x_v1_10_pipe_drp.v" into library work
Parsing module <pcie_7x_v1_10_pipe_drp>.
Analyzing Verilog file "F:\pcie_pro\dvb_ott_pcie_hardwarepcb_newpcie\HKADS-13-05B-IP-0208_taixin\hdl\source\pcie_7x_v1_10_pipe_clock.v" into library work
Parsing module <pcie_7x_v1_10_pipe_clock>.
Analyzing Verilog file "F:\pcie_pro\dvb_ott_pcie_hardwarepcb_newpcie\HKADS-13-05B-IP-0208_taixin\hdl\source\pcie_7x_v1_10_gt_wrapper.v" into library work
Parsing module <pcie_7x_v1_10_gt_wrapper>.
Analyzing Verilog file "F:\pcie_pro\dvb_ott_pcie_hardwarepcb_newpcie\HKADS-13-05B-IP-0208_taixin\hdl\source\pcie_7x_v1_10_gtp_pipe_reset.v" into library work
Parsing module <pcie_7x_v1_10_gtp_pipe_reset>.
Analyzing Verilog file "F:\pcie_pro\dvb_ott_pcie_hardwarepcb_newpcie\HKADS-13-05B-IP-0208_taixin\hdl\source\pcie_7x_v1_10_gtp_pipe_rate.v" into library work
Parsing module <pcie_7x_v1_10_gtp_pipe_rate>.
Analyzing Verilog file "F:\pcie_pro\dvb_ott_pcie_hardwarepcb_newpcie\HKADS-13-05B-IP-0208_taixin\hdl\source\pcie_7x_v1_10_gtp_pipe_drp.v" into library work
Parsing module <pcie_7x_v1_10_gtp_pipe_drp>.
Analyzing Verilog file "F:\pcie_pro\dvb_ott_pcie_hardwarepcb_newpcie\HKADS-13-05B-IP-0208_taixin\hdl\source\pcie_7x_v1_10_pipe_wrapper.v" into library work
Parsing module <pcie_7x_v1_10_pipe_wrapper>.
Parsing VHDL file "F:\pcie_pro\dvb_ott_pcie_hardwarepcb_newpcie\HKADS-13-05B-IP-0208_taixin\hdl\source\pcie_7x_v1_10_pcie_bram_7x.vhd" into library work
Parsing entity <pcie_7x_v1_10_pcie_bram_7x>.
Parsing architecture <v7_pcie> of entity <pcie_7x_v1_10_pcie_bram_7x>.
Parsing VHDL file "F:\pcie_pro\dvb_ott_pcie_hardwarepcb_newpcie\HKADS-13-05B-IP-0208_taixin\hdl\source\pcie_7x_v1_10_pcie_brams_7x.vhd" into library work
Parsing entity <pcie_7x_v1_10_pcie_brams_7x>.
Parsing architecture <pcie_7x> of entity <pcie_7x_v1_10_pcie_brams_7x>.
Parsing VHDL file "F:\pcie_pro\dvb_ott_pcie_hardwarepcb_newpcie\HKADS-13-05B-IP-0208_taixin\hdl\source\pcie_7x_v1_10_axi_basic_tx_thrtl_ctl.vhd" into library work
Parsing entity <pcie_7x_v1_10_axi_basic_tx_thrtl_ctl>.
Parsing architecture <trans> of entity <pcie_7x_v1_10_axi_basic_tx_thrtl_ctl>.
Parsing VHDL file "F:\pcie_pro\dvb_ott_pcie_hardwarepcb_newpcie\HKADS-13-05B-IP-0208_taixin\hdl\source\pcie_7x_v1_10_axi_basic_tx_pipeline.vhd" into library work
Parsing entity <pcie_7x_v1_10_axi_basic_tx_pipeline>.
Parsing architecture <trans> of entity <pcie_7x_v1_10_axi_basic_tx_pipeline>.
Parsing VHDL file "F:\pcie_pro\dvb_ott_pcie_hardwarepcb_newpcie\HKADS-13-05B-IP-0208_taixin\hdl\source\pcie_7x_v1_10_axi_basic_rx_pipeline.vhd" into library work
Parsing entity <pcie_7x_v1_10_axi_basic_rx_pipeline>.
Parsing architecture <trans> of entity <pcie_7x_v1_10_axi_basic_rx_pipeline>.
Parsing VHDL file "F:\pcie_pro\dvb_ott_pcie_hardwarepcb_newpcie\HKADS-13-05B-IP-0208_taixin\hdl\source\pcie_7x_v1_10_axi_basic_rx_null_gen.vhd" into library work
Parsing entity <pcie_7x_v1_10_axi_basic_rx_null_gen>.
Parsing architecture <TRANS> of entity <pcie_7x_v1_10_axi_basic_rx_null_gen>.
Parsing VHDL file "F:\pcie_pro\dvb_ott_pcie_hardwarepcb_newpcie\HKADS-13-05B-IP-0208_taixin\hdl\source\pcie_7x_v1_10_pcie_pipe_misc.vhd" into library work
Parsing entity <pcie_7x_v1_10_pcie_pipe_misc>.
Parsing architecture <rtl> of entity <pcie_7x_v1_10_pcie_pipe_misc>.
Parsing VHDL file "F:\pcie_pro\dvb_ott_pcie_hardwarepcb_newpcie\HKADS-13-05B-IP-0208_taixin\hdl\source\pcie_7x_v1_10_pcie_pipe_lane.vhd" into library work
Parsing entity <pcie_7x_v1_10_pcie_pipe_lane>.
Parsing architecture <rtl> of entity <pcie_7x_v1_10_pcie_pipe_lane>.
Parsing VHDL file "F:\pcie_pro\dvb_ott_pcie_hardwarepcb_newpcie\HKADS-13-05B-IP-0208_taixin\hdl\source\pcie_7x_v1_10_pcie_bram_top_7x.vhd" into library work
Parsing entity <pcie_7x_v1_10_pcie_bram_top_7x>.
Parsing architecture <pcie_7x> of entity <pcie_7x_v1_10_pcie_bram_top_7x>.
Parsing VHDL file "F:\pcie_pro\dvb_ott_pcie_hardwarepcb_newpcie\HKADS-13-05B-IP-0208_taixin\hdl\source\pcie_7x_v1_10_axi_basic_tx.vhd" into library work
Parsing entity <pcie_7x_v1_10_axi_basic_tx>.
Parsing architecture <trans> of entity <pcie_7x_v1_10_axi_basic_tx>.
Parsing VHDL file "F:\pcie_pro\dvb_ott_pcie_hardwarepcb_newpcie\HKADS-13-05B-IP-0208_taixin\hdl\source\pcie_7x_v1_10_axi_basic_rx.vhd" into library work
Parsing entity <pcie_7x_v1_10_axi_basic_rx>.
Parsing architecture <TRANS> of entity <pcie_7x_v1_10_axi_basic_rx>.
Parsing VHDL file "F:\pcie_pro\dvb_ott_pcie_hardwarepcb_newpcie\HKADS-13-05B-IP-0208_taixin\hdl\source\pcie_7x_v1_10_pcie_pipe_pipeline.vhd" into library work
Parsing entity <pcie_7x_v1_10_pcie_pipe_pipeline>.
Parsing architecture <rtl> of entity <pcie_7x_v1_10_pcie_pipe_pipeline>.
Parsing VHDL file "F:\pcie_pro\dvb_ott_pcie_hardwarepcb_newpcie\HKADS-13-05B-IP-0208_taixin\hdl\source\pcie_7x_v1_10_pcie_7x.vhd" into library work
Parsing entity <pcie_7x_v1_10_pcie_7x>.
Parsing architecture <rtl> of entity <pcie_7x_v1_10_pcie_7x>.
Parsing VHDL file "F:\pcie_pro\dvb_ott_pcie_hardwarepcb_newpcie\HKADS-13-05B-IP-0208_taixin\hdl\source\pcie_7x_v1_10_gt_rx_valid_filter_7x.vhd" into library work
Parsing entity <pcie_7x_v1_10_gt_rx_valid_filter_7x>.
Parsing architecture <pcie_7x> of entity <pcie_7x_v1_10_gt_rx_valid_filter_7x>.
Parsing VHDL file "F:\pcie_pro\dvb_ott_pcie_hardwarepcb_newpcie\HKADS-13-05B-IP-0208_taixin\hdl\source\pcie_7x_v1_10_axi_basic_top.vhd" into library work
Parsing entity <pcie_7x_v1_10_axi_basic_top>.
Parsing architecture <trans> of entity <pcie_7x_v1_10_axi_basic_top>.
Parsing VHDL file "F:\pcie_pro\dvb_ott_pcie_hardwarepcb_newpcie\HKADS-13-05B-IP-0208_taixin\hdl\source\pcie_7x_v1_10_pcie_top.vhd" into library work
Parsing entity <pcie_7x_v1_10_pcie_top>.
Parsing architecture <pcie_7x> of entity <pcie_7x_v1_10_pcie_top>.
Parsing VHDL file "F:\pcie_pro\dvb_ott_pcie_hardwarepcb_newpcie\HKADS-13-05B-IP-0208_taixin\hdl\source\pcie_7x_v1_10_gt_top.vhd" into library work
Parsing entity <pcie_7x_v1_10_gt_top>.
Parsing architecture <pcie_7x> of entity <pcie_7x_v1_10_gt_top>.
Parsing VHDL file "F:\pcie_pro\dvb_ott_pcie_hardwarepcb_newpcie\HKADS-13-05B-IP-0208_taixin\hdl\dma_engine.vhd" into library work
Parsing entity <dma_engine>.
Parsing architecture <rtl> of entity <dma_engine>.
Parsing VHDL file "F:\pcie_pro\dvb_ott_pcie_hardwarepcb_newpcie\HKADS-13-05B-IP-0208_taixin\hdl\v7_pcie_conv.vhd" into library work
Parsing entity <v7_pcie_conv>.
Parsing architecture <rtl> of entity <v7_pcie_conv>.
Parsing VHDL file "F:\pcie_pro\dvb_ott_pcie_hardwarepcb_newpcie\HKADS-13-05B-IP-0208_taixin\hdl\source\pcie_7x_v1_10.vhd" into library work
Parsing entity <pcie_7x_v1_10>.
Parsing architecture <pcie_7x> of entity <pcie_7x_v1_10>.
Parsing VHDL file "F:\pcie_pro\dvb_ott_pcie_hardwarepcb_newpcie\HKADS-13-05B-IP-0208_taixin\hdl\pcie_app_v6.vhd" into library work
Parsing entity <pcie_app_v6>.
Parsing architecture <v6_pcie> of entity <pcie_app_v6>.
Parsing VHDL file "F:\pcie_pro\dvb_ott_pcie_hardwarepcb_newpcie\HKADS-13-05B-IP-0208_taixin\hdl_bram\pcie_dma_core_ep.vhd" into library work
Parsing entity <pcie_dma_core_ep>.
Parsing architecture <rtl> of entity <pcie_dma_core_ep>.

=========================================================================
*                            HDL Elaboration                            *
=========================================================================
ERROR:HDLCompiler:432 - "F:\pcie_pro\dvb_ott_pcie_hardwarepcb_newpcie\HKADS-13-05B-IP-0208_taixin\hdl_bram\pcie_dma_core_ep.vhd" Line 29: Formal <ep_id> has no actual or default value.

Elaborating entity <pcie_dma_core_ep> (architecture <rtl>) with generics from library <work>.
Execution of entity pcie_dma_core_ep failed
--> 

Total memory usage is 240740 kilobytes

Number of errors   :    1 (   0 filtered)
Number of warnings :    0 (   0 filtered)
Number of infos    :    0 (   0 filtered)

